/*C14*/SET SCHEMA PUBLIC
DISCONNECT
/*C2*/SET SCHEMA PUBLIC
DELETE FROM TASKS_AUX_WORKERS WHERE ID=0 AND RANGES='0, 1000' AND HEALTH_CHECK='2022-04-19 15:37:09.864000' AND EXCLUSIVE_MODE=0 AND NODE_GROUPS='' AND IS_ACTIVE=1
INSERT INTO TASKS_AUX_WORKERS VALUES(0,'0, 1000','2022-04-20 12:12:12.064000',0,'',1)
COMMIT
DELETE FROM TASKS_AUX_SCHEDULER WHERE ID='scheduler' AND LAST_ACTIVITY_TS='2022-04-19 15:37:09.864' AND VERSION=4
INSERT INTO TASKS_AUX_SCHEDULER VALUES('scheduler','2022-04-20 12:12:12.137',4)
COMMIT
DELETE FROM TASKS_AUX_WORKERS WHERE ID=0 AND RANGES='0, 1000' AND HEALTH_CHECK='2022-04-20 12:12:12.064000' AND EXCLUSIVE_MODE=0 AND NODE_GROUPS='' AND IS_ACTIVE=1
INSERT INTO TASKS_AUX_WORKERS VALUES(0,'0, 1000','2022-04-20 12:12:12.064000',0,'',1)
COMMIT
INSERT INTO TASKS_AUX_QUEUE VALUES(8796093055926,543,-1,'---','2022-04-20 12:12:12',27506280)
COMMIT
DELETE FROM TASKS_AUX_QUEUE WHERE PK=8796093055926
INSERT INTO TASKS_AUX_QUEUE VALUES(8796093055926,543,-1,'---','2022-04-20 12:12:53',27506280)
COMMIT
DELETE FROM TASKS WHERE PK=8796093055926
INSERT INTO TASKS VALUES(18,'2022-04-19 09:38:45.273000','2022-04-19 15:00:04.577000',8796101640274,NULL,8796093055926,NULL,'triggerTaskRunner',1650376800000,1650376800000,0,7258161600000,NULL,NULL,NULL,NULL,1,0,0,0,NULL,NULL,NULL,8796093055478,NULL,NULL)
COMMIT
DELETE FROM CRONJOBS WHERE PK=8796093088245
INSERT INTO CRONJOBS VALUES(68,'2022-04-19 09:38:45.228000','2022-04-20 12:12:14.576000',8796097413202,NULL,8796093088245,NULL,'cronJobHistoryRetentionCronJob',8796093120603,1,0,8796093153371,8796093186139,8796093054980,8796093055008,8796093087777,1,1,0,NULL,0,'2022-04-19 15:00:04.308000','2022-04-19 15:00:04.530000',8796095479899,8796095545435,NULL,NULL,0,NULL,1,NULL,NULL,4,0,NULL,NULL,14,5,8796093284443,14,5,8796093284443,1000,NULL,8796093088244,0,0,NULL,NULL,NULL,NULL,NULL,NULL,NULL,NULL,NULL,NULL,NULL,NULL,NULL,NULL,NULL,NULL,NULL,NULL,NULL,NULL,NULL,NULL,NULL,NULL,NULL,NULL,NULL,NULL,NULL,NULL,NULL,NULL,NULL,NULL,NULL,NULL,NULL,NULL,NULL,NULL,NULL,NULL,NULL,NULL,NULL,NULL,NULL,NULL,NULL,NULL,NULL,NULL,NULL,NULL,NULL,NULL,NULL,NULL,NULL,NULL,NULL,NULL,NULL,NULL,NULL,NULL,NULL,NULL,NULL,NULL,NULL,NULL,NULL,NULL,NULL,NULL,NULL,NULL,NULL,NULL)
COMMIT
DELETE FROM CRONJOBS WHERE PK=8796093088245
INSERT INTO CRONJOBS VALUES(69,'2022-04-19 09:38:45.228000','2022-04-20 12:12:14.756000',8796097413202,NULL,8796093088245,NULL,'cronJobHistoryRetentionCronJob',8796093120603,1,0,8796093153371,8796093186139,8796093054980,8796093055008,8796093087777,1,1,0,NULL,0,'2022-04-19 15:00:04.308000','2022-04-19 15:00:04.530000',8796093218907,8796095545435,NULL,NULL,0,NULL,1,NULL,NULL,4,0,NULL,NULL,14,5,8796093284443,14,5,8796093284443,1000,NULL,8796093088244,0,0,NULL,NULL,NULL,NULL,NULL,NULL,NULL,NULL,NULL,NULL,NULL,NULL,NULL,NULL,NULL,NULL,NULL,NULL,NULL,NULL,NULL,NULL,NULL,NULL,NULL,NULL,NULL,NULL,NULL,NULL,NULL,NULL,NULL,NULL,NULL,NULL,NULL,NULL,NULL,NULL,NULL,NULL,NULL,NULL,NULL,NULL,NULL,NULL,NULL,NULL,NULL,NULL,NULL,NULL,NULL,NULL,NULL,NULL,NULL,NULL,NULL,NULL,NULL,NULL,NULL,NULL,NULL,NULL,NULL,NULL,NULL,NULL,NULL,NULL,NULL,NULL,NULL,NULL,NULL,NULL)
COMMIT
DELETE FROM CRONJOBS WHERE PK=8796093088245
INSERT INTO CRONJOBS VALUES(70,'2022-04-19 09:38:45.228000','2022-04-20 12:12:14.764000',8796097413202,NULL,8796093088245,NULL,'cronJobHistoryRetentionCronJob',8796093120603,1,0,8796093153371,8796093186139,8796093054980,8796093055008,8796093087777,1,1,0,NULL,0,NULL,'2022-04-19 15:00:04.530000',8796093218907,8796095545435,NULL,NULL,0,NULL,1,NULL,NULL,4,0,NULL,NULL,14,5,8796093284443,14,5,8796093284443,1000,NULL,8796093088244,0,0,NULL,NULL,NULL,NULL,NULL,NULL,NULL,NULL,NULL,NULL,NULL,NULL,NULL,NULL,NULL,NULL,NULL,NULL,NULL,NULL,NULL,NULL,NULL,NULL,NULL,NULL,NULL,NULL,NULL,NULL,NULL,NULL,NULL,NULL,NULL,NULL,NULL,NULL,NULL,NULL,NULL,NULL,NULL,NULL,NULL,NULL,NULL,NULL,NULL,NULL,NULL,NULL,NULL,NULL,NULL,NULL,NULL,NULL,NULL,NULL,NULL,NULL,NULL,NULL,NULL,NULL,NULL,NULL,NULL,NULL,NULL,NULL,NULL,NULL,NULL,NULL,NULL,NULL,NULL,NULL)
COMMIT
DELETE FROM CRONJOBS WHERE PK=8796093088245
INSERT INTO CRONJOBS VALUES(71,'2022-04-19 09:38:45.228000','2022-04-20 12:12:14.764000',8796097413202,NULL,8796093088245,NULL,'cronJobHistoryRetentionCronJob',8796093120603,1,0,8796093153371,8796093186139,8796093054980,8796093055008,8796093087777,1,1,0,NULL,0,NULL,NULL,8796093218907,8796095545435,NULL,NULL,0,NULL,1,NULL,NULL,4,0,NULL,NULL,14,5,8796093284443,14,5,8796093284443,1000,NULL,8796093088244,0,0,NULL,NULL,NULL,NULL,NULL,NULL,NULL,NULL,NULL,NULL,NULL,NULL,NULL,NULL,NULL,NULL,NULL,NULL,NULL,NULL,NULL,NULL,NULL,NULL,NULL,NULL,NULL,NULL,NULL,NULL,NULL,NULL,NULL,NULL,NULL,NULL,NULL,NULL,NULL,NULL,NULL,NULL,NULL,NULL,NULL,NULL,NULL,NULL,NULL,NULL,NULL,NULL,NULL,NULL,NULL,NULL,NULL,NULL,NULL,NULL,NULL,NULL,NULL,NULL,NULL,NULL,NULL,NULL,NULL,NULL,NULL,NULL,NULL,NULL,NULL,NULL,NULL,NULL,NULL,NULL)
COMMIT
DELETE FROM CRONJOBS WHERE PK=8796093088245
INSERT INTO CRONJOBS VALUES(72,'2022-04-19 09:38:45.228000','2022-04-20 12:12:14.772000',8796097413202,NULL,8796093088245,NULL,'cronJobHistoryRetentionCronJob',8796093120603,1,0,8796093153371,8796093186139,8796093054980,8796093055008,8796093087777,1,1,0,NULL,0,'2022-04-20 12:12:14.772000',NULL,8796093218907,8796095545435,NULL,NULL,0,NULL,1,NULL,NULL,4,0,NULL,NULL,14,5,8796093284443,14,5,8796093284443,1000,NULL,8796093088244,0,0,NULL,NULL,NULL,NULL,NULL,NULL,NULL,NULL,NULL,NULL,NULL,NULL,NULL,NULL,NULL,NULL,NULL,NULL,NULL,NULL,NULL,NULL,NULL,NULL,NULL,NULL,NULL,NULL,NULL,NULL,NULL,NULL,NULL,NULL,NULL,NULL,NULL,NULL,NULL,NULL,NULL,NULL,NULL,NULL,NULL,NULL,NULL,NULL,NULL,NULL,NULL,NULL,NULL,NULL,NULL,NULL,NULL,NULL,NULL,NULL,NULL,NULL,NULL,NULL,NULL,NULL,NULL,NULL,NULL,NULL,NULL,NULL,NULL,NULL,NULL,NULL,NULL,NULL,NULL,NULL)
COMMIT
DELETE FROM CRONJOBS WHERE PK=8796093088245
INSERT INTO CRONJOBS VALUES(73,'2022-04-19 09:38:45.228000','2022-04-20 12:12:14.779000',8796097413202,NULL,8796093088245,NULL,'cronJobHistoryRetentionCronJob',8796093120603,1,0,8796093153371,8796093186139,8796093054980,8796093055008,8796093087777,1,1,0,NULL,0,'2022-04-20 12:12:14.772000',NULL,8796095414363,8796095545435,NULL,NULL,0,NULL,1,NULL,NULL,4,0,NULL,NULL,14,5,8796093284443,14,5,8796093284443,1000,NULL,8796093088244,0,0,NULL,NULL,NULL,NULL,NULL,NULL,NULL,NULL,NULL,NULL,NULL,NULL,NULL,NULL,NULL,NULL,NULL,NULL,NULL,NULL,NULL,NULL,NULL,NULL,NULL,NULL,NULL,NULL,NULL,NULL,NULL,NULL,NULL,NULL,NULL,NULL,NULL,NULL,NULL,NULL,NULL,NULL,NULL,NULL,NULL,NULL,NULL,NULL,NULL,NULL,NULL,NULL,NULL,NULL,NULL,NULL,NULL,NULL,NULL,NULL,NULL,NULL,NULL,NULL,NULL,NULL,NULL,NULL,NULL,NULL,NULL,NULL,NULL,NULL,NULL,NULL,NULL,NULL,NULL,NULL)
COMMIT
/*C4*/SET SCHEMA PUBLIC
DELETE FROM NUMBERSERIES WHERE SERIESKEY='pk_522'
INSERT INTO NUMBERSERIES VALUES(NULL,'pk_522',1,5001,NULL)
COMMIT
/*C2*/DELETE FROM CRONJOBS WHERE PK=8796093088245
INSERT INTO CRONJOBS VALUES(74,'2022-04-19 09:38:45.228000','2022-04-20 12:12:15.200000',8796097413202,NULL,8796093088245,NULL,'cronJobHistoryRetentionCronJob',8796093120603,1,0,8796093153371,8796093186139,8796093054980,8796093055008,8796093087777,1,1,0,NULL,0,'2022-04-20 12:12:14.772000',NULL,8796095414363,8796095545435,NULL,NULL,0,NULL,1,NULL,NULL,4,0,NULL,NULL,14,5,8796093284443,14,5,8796093284443,1000,8796224127498,8796093088244,0,0,NULL,NULL,NULL,NULL,NULL,NULL,NULL,NULL,NULL,NULL,NULL,NULL,NULL,NULL,NULL,NULL,NULL,NULL,NULL,NULL,NULL,NULL,NULL,NULL,NULL,NULL,NULL,NULL,NULL,NULL,NULL,NULL,NULL,NULL,NULL,NULL,NULL,NULL,NULL,NULL,NULL,NULL,NULL,NULL,NULL,NULL,NULL,NULL,NULL,NULL,NULL,NULL,NULL,NULL,NULL,NULL,NULL,NULL,NULL,NULL,NULL,NULL,NULL,NULL,NULL,NULL,NULL,NULL,NULL,NULL,NULL,NULL,NULL,NULL,NULL,NULL,NULL,NULL,NULL,NULL)
INSERT INTO CRONJOBHISTORIES VALUES(1,'2022-04-20 12:12:15.179000','2022-04-20 12:12:15.200000',8796100034642,NULL,8796224127498,NULL,'cronJobHistoryRetentionCronJob','cronJobHistoryRetentionJob','2022-04-20 12:12:14.860000',NULL,NULL,0,'admin',8796095414363,8796093251675,NULL,NULL,NULL,8796093088245,0,0)
COMMIT
DELETE FROM CRONJOBHISTORIES WHERE PK=8796191359498
COMMIT
DELETE FROM CRONJOBS WHERE PK=8796093088245
INSERT INTO CRONJOBS VALUES(75,'2022-04-19 09:38:45.228000','2022-04-20 12:12:15.781000',8796097413202,NULL,8796093088245,NULL,'cronJobHistoryRetentionCronJob',8796093120603,1,0,8796093153371,8796093186139,8796093054980,8796093055008,8796093087777,1,1,0,NULL,0,'2022-04-20 12:12:14.772000',NULL,8796095479899,8796095545435,NULL,NULL,0,NULL,1,NULL,NULL,4,0,NULL,NULL,14,5,8796093284443,14,5,8796093284443,1000,8796224127498,8796093088244,0,0,NULL,NULL,NULL,NULL,NULL,NULL,NULL,NULL,NULL,NULL,NULL,NULL,NULL,NULL,NULL,NULL,NULL,NULL,NULL,NULL,NULL,NULL,NULL,NULL,NULL,NULL,NULL,NULL,NULL,NULL,NULL,NULL,NULL,NULL,NULL,NULL,NULL,NULL,NULL,NULL,NULL,NULL,NULL,NULL,NULL,NULL,NULL,NULL,NULL,NULL,NULL,NULL,NULL,NULL,NULL,NULL,NULL,NULL,NULL,NULL,NULL,NULL,NULL,NULL,NULL,NULL,NULL,NULL,NULL,NULL,NULL,NULL,NULL,NULL,NULL,NULL,NULL,NULL,NULL,NULL)
COMMIT
DELETE FROM CRONJOBS WHERE PK=8796093088245
INSERT INTO CRONJOBS VALUES(76,'2022-04-19 09:38:45.228000','2022-04-20 12:12:15.784000',8796097413202,NULL,8796093088245,NULL,'cronJobHistoryRetentionCronJob',8796093120603,1,0,8796093153371,8796093186139,8796093054980,8796093055008,8796093087777,1,1,0,NULL,0,'2022-04-20 12:12:14.772000','2022-04-20 12:12:15.784000',8796095479899,8796095545435,NULL,NULL,0,NULL,1,NULL,NULL,4,0,NULL,NULL,14,5,8796093284443,14,5,8796093284443,1000,8796224127498,8796093088244,0,0,NULL,NULL,NULL,NULL,NULL,NULL,NULL,NULL,NULL,NULL,NULL,NULL,NULL,NULL,NULL,NULL,NULL,NULL,NULL,NULL,NULL,NULL,NULL,NULL,NULL,NULL,NULL,NULL,NULL,NULL,NULL,NULL,NULL,NULL,NULL,NULL,NULL,NULL,NULL,NULL,NULL,NULL,NULL,NULL,NULL,NULL,NULL,NULL,NULL,NULL,NULL,NULL,NULL,NULL,NULL,NULL,NULL,NULL,NULL,NULL,NULL,NULL,NULL,NULL,NULL,NULL,NULL,NULL,NULL,NULL,NULL,NULL,NULL,NULL,NULL,NULL,NULL,NULL,NULL,NULL)
COMMIT
DELETE FROM CRONJOBS WHERE PK=8796093088245
INSERT INTO CRONJOBS VALUES(77,'2022-04-19 09:38:45.228000','2022-04-20 12:12:15.798000',8796097413202,NULL,8796093088245,NULL,'cronJobHistoryRetentionCronJob',8796093120603,1,0,8796093153371,8796093186139,8796093054980,8796093055008,8796093087777,1,1,0,NULL,0,'2022-04-20 12:12:14.772000','2022-04-20 12:12:15.784000',8796095479899,8796095545435,NULL,NULL,NULL,NULL,1,NULL,NULL,4,0,NULL,NULL,14,5,8796093284443,14,5,8796093284443,1000,8796224127498,8796093088244,0,0,NULL,NULL,NULL,NULL,NULL,NULL,NULL,NULL,NULL,NULL,NULL,NULL,NULL,NULL,NULL,NULL,NULL,NULL,NULL,NULL,NULL,NULL,NULL,NULL,NULL,NULL,NULL,NULL,NULL,NULL,NULL,NULL,NULL,NULL,NULL,NULL,NULL,NULL,NULL,NULL,NULL,NULL,NULL,NULL,NULL,NULL,NULL,NULL,NULL,NULL,NULL,NULL,NULL,NULL,NULL,NULL,NULL,NULL,NULL,NULL,NULL,NULL,NULL,NULL,NULL,NULL,NULL,NULL,NULL,NULL,NULL,NULL,NULL,NULL,NULL,NULL,NULL,NULL,NULL,NULL)
COMMIT
DELETE FROM CRONJOBS WHERE PK=8796093088245
INSERT INTO CRONJOBS VALUES(78,'2022-04-19 09:38:45.228000','2022-04-20 12:12:15.808000',8796097413202,NULL,8796093088245,NULL,'cronJobHistoryRetentionCronJob',8796093120603,1,0,8796093153371,8796093186139,8796093054980,8796093055008,8796093087777,1,1,0,NULL,0,'2022-04-20 12:12:14.772000','2022-04-20 12:12:15.784000',8796095479899,8796095545435,NULL,NULL,NULL,NULL,1,NULL,NULL,4,0,NULL,NULL,14,5,8796093284443,14,5,8796093284443,1000,NULL,8796093088244,0,0,NULL,NULL,NULL,NULL,NULL,NULL,NULL,NULL,NULL,NULL,NULL,NULL,NULL,NULL,NULL,NULL,NULL,NULL,NULL,NULL,NULL,NULL,NULL,NULL,NULL,NULL,NULL,NULL,NULL,NULL,NULL,NULL,NULL,NULL,NULL,NULL,NULL,NULL,NULL,NULL,NULL,NULL,NULL,NULL,NULL,NULL,NULL,NULL,NULL,NULL,NULL,NULL,NULL,NULL,NULL,NULL,NULL,NULL,NULL,NULL,NULL,NULL,NULL,NULL,NULL,NULL,NULL,NULL,NULL,NULL,NULL,NULL,NULL,NULL,NULL,NULL,NULL,NULL,NULL,NULL)
DELETE FROM CRONJOBHISTORIES WHERE PK=8796224127498
INSERT INTO CRONJOBHISTORIES VALUES(2,'2022-04-20 12:12:15.179000','2022-04-20 12:12:15.808000',8796100034642,NULL,8796224127498,NULL,'cronJobHistoryRetentionCronJob','cronJobHistoryRetentionJob','2022-04-20 12:12:14.860000','2022-04-20 12:12:15.784000',NULL,0,'admin',8796095479899,8796095545435,NULL,NULL,NULL,8796093088245,0,0)
COMMIT
/*C4*/DELETE FROM NUMBERSERIES WHERE SERIESKEY='pk_30'
INSERT INTO NUMBERSERIES VALUES(NULL,'pk_30',1,5001,NULL)
COMMIT
/*C2*/INSERT INTO MEDIAS VALUES(0,'2022-04-20 12:12:15.861000','2022-04-20 12:12:15.861000',8796097380434,8796093088245,8796224127006,NULL,NULL,NULL,NULL,NULL,NULL,NULL,'20220420_121215-681a5ce5-fe4e-4024-a48d-80fad5a52347.zip',NULL,NULL,NULL,1,NULL,8796093120566,NULL,NULL,NULL,NULL,0,0,NULL,NULL,NULL,NULL,NULL,NULL,NULL,NULL,NULL,NULL,NULL,NULL,NULL,NULL,NULL,NULL)
COMMIT
DELETE FROM MEDIAS WHERE PK=8796224127006
INSERT INTO MEDIAS VALUES(1,'2022-04-20 12:12:15.861000','2022-04-20 12:12:15.912000',8796097380434,8796093088245,8796224127006,NULL,'application/zip',304,8796224159774,'cronjob/h03/hd5/8796224159774.zip','b14970ba9da0803f513881e43b0f789f2e2ea4e6a2de17a40de35d9f7eeac380','20220420_121215-681a5ce5-fe4e-4024-a48d-80fad5a52347.zip','20220420_121215-681a5ce5-fe4e-4024-a48d-80fad5a52347.zip','replicated273654712',NULL,NULL,1,NULL,8796093120566,NULL,NULL,NULL,NULL,0,0,NULL,NULL,NULL,NULL,NULL,NULL,NULL,NULL,NULL,NULL,NULL,NULL,NULL,NULL,NULL,NULL)
COMMIT
DELETE FROM TRIGGERSCJ WHERE PK=8796093055478
INSERT INTO TRIGGERSCJ VALUES(7,'2022-04-19 09:38:45.266000','2022-04-20 12:12:15.951000',8796101148754,NULL,8796093055478,NULL,1,0,0,0,0,0,0,1,NULL,NULL,NULL,'2022-04-20 13:00:00.000000','0 0 * ? * *',-1,NULL,8796093088245,0,0)
DELETE FROM TASKS WHERE PK=8796093055926
INSERT INTO TASKS VALUES(19,'2022-04-19 09:38:45.273000','2022-04-20 12:12:15.959000',8796101640274,NULL,8796093055926,NULL,'triggerTaskRunner',1650452400000,1650376800000,0,7258161600000,NULL,NULL,NULL,NULL,1,0,0,0,NULL,NULL,NULL,8796093055478,NULL,NULL)
COMMIT
DELETE FROM TASKS WHERE PK=8796093055926
INSERT INTO TASKS VALUES(20,'2022-04-19 09:38:45.273000','2022-04-20 12:12:16.027000',8796101640274,NULL,8796093055926,NULL,'triggerTaskRunner',1650452400000,1650452400000,0,7258161600000,NULL,NULL,NULL,NULL,0,0,0,0,NULL,NULL,NULL,8796093055478,NULL,NULL)
COMMIT
DELETE FROM TASKS WHERE PK=8796093055926
INSERT INTO TASKS VALUES(21,'2022-04-19 09:38:45.273000','2022-04-20 12:12:16.045000',8796101640274,NULL,8796093055926,NULL,'triggerTaskRunner',1650452400000,1650452400000,0,7258161600000,NULL,NULL,NULL,NULL,1,0,0,0,NULL,NULL,NULL,8796093055478,NULL,NULL)
COMMIT
DELETE FROM TASKS WHERE PK=8796093055926
INSERT INTO TASKS VALUES(21,'2022-04-19 09:38:45.273000','2022-04-20 12:12:16.045000',8796101640274,NULL,8796093055926,NULL,'triggerTaskRunner',1650452400000,1650452400000,0,7258161600000,NULL,NULL,NULL,NULL,1,-1,0,0,NULL,NULL,NULL,8796093055478,NULL,NULL)
COMMIT
DELETE FROM TASKS_AUX_QUEUE WHERE PK=8796093055926
COMMIT
DELETE FROM TASKS_AUX_WORKERS WHERE ID=0 AND RANGES='0, 1000' AND HEALTH_CHECK='2022-04-20 12:12:12.064000' AND EXCLUSIVE_MODE=0 AND NODE_GROUPS='' AND IS_ACTIVE=1
INSERT INTO TASKS_AUX_WORKERS VALUES(0,'0, 1000','2022-04-20 12:12:23.482000',0,'',1)
COMMIT
DELETE FROM TASKS_AUX_SCHEDULER WHERE ID='scheduler' AND LAST_ACTIVITY_TS='2022-04-20 12:12:12.137' AND VERSION=4
INSERT INTO TASKS_AUX_SCHEDULER VALUES('scheduler','2022-04-20 12:12:23.482',4)
COMMIT
DELETE FROM TASKS_AUX_WORKERS WHERE ID=0 AND RANGES='0, 1000' AND HEALTH_CHECK='2022-04-20 12:12:23.482000' AND EXCLUSIVE_MODE=0 AND NODE_GROUPS='' AND IS_ACTIVE=1
INSERT INTO TASKS_AUX_WORKERS VALUES(0,'0, 1000','2022-04-20 12:12:23.482000',0,'',1)
COMMIT
DELETE FROM TASKS_AUX_WORKERS WHERE ID=0 AND RANGES='0, 1000' AND HEALTH_CHECK='2022-04-20 12:12:23.482000' AND EXCLUSIVE_MODE=0 AND NODE_GROUPS='' AND IS_ACTIVE=1
INSERT INTO TASKS_AUX_WORKERS VALUES(0,'0, 1000','2022-04-20 12:12:33.508000',0,'',1)
COMMIT
DELETE FROM TASKS_AUX_SCHEDULER WHERE ID='scheduler' AND LAST_ACTIVITY_TS='2022-04-20 12:12:23.482' AND VERSION=4
INSERT INTO TASKS_AUX_SCHEDULER VALUES('scheduler','2022-04-20 12:12:33.508',4)
COMMIT
DELETE FROM TASKS_AUX_WORKERS WHERE ID=0 AND RANGES='0, 1000' AND HEALTH_CHECK='2022-04-20 12:12:33.508000' AND EXCLUSIVE_MODE=0 AND NODE_GROUPS='' AND IS_ACTIVE=1
INSERT INTO TASKS_AUX_WORKERS VALUES(0,'0, 1000','2022-04-20 12:12:33.508000',0,'',1)
COMMIT
DELETE FROM TASKS_AUX_WORKERS WHERE ID=0 AND RANGES='0, 1000' AND HEALTH_CHECK='2022-04-20 12:12:33.508000' AND EXCLUSIVE_MODE=0 AND NODE_GROUPS='' AND IS_ACTIVE=1
INSERT INTO TASKS_AUX_WORKERS VALUES(0,'0, 1000','2022-04-20 12:12:43.538000',0,'',1)
COMMIT
DELETE FROM TASKS_AUX_SCHEDULER WHERE ID='scheduler' AND LAST_ACTIVITY_TS='2022-04-20 12:12:33.508' AND VERSION=4
INSERT INTO TASKS_AUX_SCHEDULER VALUES('scheduler','2022-04-20 12:12:43.538',4)
COMMIT
DELETE FROM TASKS_AUX_WORKERS WHERE ID=0 AND RANGES='0, 1000' AND HEALTH_CHECK='2022-04-20 12:12:43.538000' AND EXCLUSIVE_MODE=0 AND NODE_GROUPS='' AND IS_ACTIVE=1
INSERT INTO TASKS_AUX_WORKERS VALUES(0,'0, 1000','2022-04-20 12:12:43.538000',0,'',1)
COMMIT
/*C24*/SET SCHEMA PUBLIC
DELETE FROM TASKS_AUX_WORKERS WHERE ID=0 AND RANGES='0, 1000' AND HEALTH_CHECK='2022-04-20 12:12:43.538000' AND EXCLUSIVE_MODE=0 AND NODE_GROUPS='' AND IS_ACTIVE=1
INSERT INTO TASKS_AUX_WORKERS VALUES(0,'0, 1000','2022-04-20 12:12:53.569000',0,'',1)
COMMIT
DELETE FROM TASKS_AUX_SCHEDULER WHERE ID='scheduler' AND LAST_ACTIVITY_TS='2022-04-20 12:12:43.538' AND VERSION=4
INSERT INTO TASKS_AUX_SCHEDULER VALUES('scheduler','2022-04-20 12:12:53.569',4)
COMMIT
DELETE FROM TASKS_AUX_WORKERS WHERE ID=0 AND RANGES='0, 1000' AND HEALTH_CHECK='2022-04-20 12:12:53.569000' AND EXCLUSIVE_MODE=0 AND NODE_GROUPS='' AND IS_ACTIVE=1
INSERT INTO TASKS_AUX_WORKERS VALUES(0,'0, 1000','2022-04-20 12:12:53.569000',0,'',1)
COMMIT
DELETE FROM TASKS_AUX_WORKERS WHERE ID=0 AND RANGES='0, 1000' AND HEALTH_CHECK='2022-04-20 12:12:53.569000' AND EXCLUSIVE_MODE=0 AND NODE_GROUPS='' AND IS_ACTIVE=1
INSERT INTO TASKS_AUX_WORKERS VALUES(0,'0, 1000','2022-04-20 12:13:03.594000',0,'',1)
COMMIT
DELETE FROM TASKS_AUX_SCHEDULER WHERE ID='scheduler' AND LAST_ACTIVITY_TS='2022-04-20 12:12:53.569' AND VERSION=4
INSERT INTO TASKS_AUX_SCHEDULER VALUES('scheduler','2022-04-20 12:13:03.594',4)
COMMIT
DELETE FROM TASKS_AUX_WORKERS WHERE ID=0 AND RANGES='0, 1000' AND HEALTH_CHECK='2022-04-20 12:13:03.594000' AND EXCLUSIVE_MODE=0 AND NODE_GROUPS='' AND IS_ACTIVE=1
INSERT INTO TASKS_AUX_WORKERS VALUES(0,'0, 1000','2022-04-20 12:13:03.594000',0,'',1)
COMMIT
/*C26*/SET SCHEMA PUBLIC
DELETE FROM TASKS_AUX_WORKERS WHERE ID=0 AND RANGES='0, 1000' AND HEALTH_CHECK='2022-04-20 12:13:03.594000' AND EXCLUSIVE_MODE=0 AND NODE_GROUPS='' AND IS_ACTIVE=1
INSERT INTO TASKS_AUX_WORKERS VALUES(0,'0, 1000','2022-04-20 12:13:13.603000',0,'',1)
COMMIT
DELETE FROM TASKS_AUX_SCHEDULER WHERE ID='scheduler' AND LAST_ACTIVITY_TS='2022-04-20 12:13:03.594' AND VERSION=4
INSERT INTO TASKS_AUX_SCHEDULER VALUES('scheduler','2022-04-20 12:13:13.603',4)
COMMIT
DELETE FROM TASKS_AUX_WORKERS WHERE ID=0 AND RANGES='0, 1000' AND HEALTH_CHECK='2022-04-20 12:13:13.603000' AND EXCLUSIVE_MODE=0 AND NODE_GROUPS='' AND IS_ACTIVE=1
INSERT INTO TASKS_AUX_WORKERS VALUES(0,'0, 1000','2022-04-20 12:13:13.603000',0,'',1)
COMMIT
/*C25*/SET SCHEMA PUBLIC
DELETE FROM TASKS_AUX_WORKERS WHERE ID=0 AND RANGES='0, 1000' AND HEALTH_CHECK='2022-04-20 12:13:13.603000' AND EXCLUSIVE_MODE=0 AND NODE_GROUPS='' AND IS_ACTIVE=1
INSERT INTO TASKS_AUX_WORKERS VALUES(0,'0, 1000','2022-04-20 12:13:23.625000',0,'',1)
COMMIT
DELETE FROM TASKS_AUX_SCHEDULER WHERE ID='scheduler' AND LAST_ACTIVITY_TS='2022-04-20 12:13:13.603' AND VERSION=4
INSERT INTO TASKS_AUX_SCHEDULER VALUES('scheduler','2022-04-20 12:13:23.625',4)
COMMIT
DELETE FROM TASKS_AUX_WORKERS WHERE ID=0 AND RANGES='0, 1000' AND HEALTH_CHECK='2022-04-20 12:13:23.625000' AND EXCLUSIVE_MODE=0 AND NODE_GROUPS='' AND IS_ACTIVE=1
INSERT INTO TASKS_AUX_WORKERS VALUES(0,'0, 1000','2022-04-20 12:13:23.625000',0,'',1)
COMMIT
/*C24*/DELETE FROM TASKS_AUX_WORKERS WHERE ID=0 AND RANGES='0, 1000' AND HEALTH_CHECK='2022-04-20 12:13:23.625000' AND EXCLUSIVE_MODE=0 AND NODE_GROUPS='' AND IS_ACTIVE=1
INSERT INTO TASKS_AUX_WORKERS VALUES(0,'0, 1000','2022-04-20 12:13:33.644000',0,'',1)
COMMIT
DELETE FROM TASKS_AUX_SCHEDULER WHERE ID='scheduler' AND LAST_ACTIVITY_TS='2022-04-20 12:13:23.625' AND VERSION=4
INSERT INTO TASKS_AUX_SCHEDULER VALUES('scheduler','2022-04-20 12:13:33.646',4)
COMMIT
DELETE FROM TASKS_AUX_WORKERS WHERE ID=0 AND RANGES='0, 1000' AND HEALTH_CHECK='2022-04-20 12:13:33.644000' AND EXCLUSIVE_MODE=0 AND NODE_GROUPS='' AND IS_ACTIVE=1
INSERT INTO TASKS_AUX_WORKERS VALUES(0,'0, 1000','2022-04-20 12:13:33.644000',0,'',1)
COMMIT
/*C25*/DELETE FROM TASKS_AUX_WORKERS WHERE ID=0 AND RANGES='0, 1000' AND HEALTH_CHECK='2022-04-20 12:13:33.644000' AND EXCLUSIVE_MODE=0 AND NODE_GROUPS='' AND IS_ACTIVE=1
INSERT INTO TASKS_AUX_WORKERS VALUES(0,'0, 1000','2022-04-20 12:13:43.669000',0,'',1)
COMMIT
DELETE FROM TASKS_AUX_SCHEDULER WHERE ID='scheduler' AND LAST_ACTIVITY_TS='2022-04-20 12:13:33.646' AND VERSION=4
INSERT INTO TASKS_AUX_SCHEDULER VALUES('scheduler','2022-04-20 12:13:43.670',4)
COMMIT
DELETE FROM TASKS_AUX_WORKERS WHERE ID=0 AND RANGES='0, 1000' AND HEALTH_CHECK='2022-04-20 12:13:43.669000' AND EXCLUSIVE_MODE=0 AND NODE_GROUPS='' AND IS_ACTIVE=1
INSERT INTO TASKS_AUX_WORKERS VALUES(0,'0, 1000','2022-04-20 12:13:43.669000',0,'',1)
COMMIT
/*C24*/DELETE FROM TASKS_AUX_WORKERS WHERE ID=0 AND RANGES='0, 1000' AND HEALTH_CHECK='2022-04-20 12:13:43.669000' AND EXCLUSIVE_MODE=0 AND NODE_GROUPS='' AND IS_ACTIVE=1
INSERT INTO TASKS_AUX_WORKERS VALUES(0,'0, 1000','2022-04-20 12:13:53.686000',0,'',1)
COMMIT
DELETE FROM TASKS_AUX_SCHEDULER WHERE ID='scheduler' AND LAST_ACTIVITY_TS='2022-04-20 12:13:43.670' AND VERSION=4
INSERT INTO TASKS_AUX_SCHEDULER VALUES('scheduler','2022-04-20 12:13:53.686',4)
COMMIT
DELETE FROM TASKS_AUX_WORKERS WHERE ID=0 AND RANGES='0, 1000' AND HEALTH_CHECK='2022-04-20 12:13:53.686000' AND EXCLUSIVE_MODE=0 AND NODE_GROUPS='' AND IS_ACTIVE=1
INSERT INTO TASKS_AUX_WORKERS VALUES(0,'0, 1000','2022-04-20 12:13:53.686000',0,'',1)
COMMIT
DELETE FROM TASKS_AUX_WORKERS WHERE ID=0 AND RANGES='0, 1000' AND HEALTH_CHECK='2022-04-20 12:13:53.686000' AND EXCLUSIVE_MODE=0 AND NODE_GROUPS='' AND IS_ACTIVE=1
INSERT INTO TASKS_AUX_WORKERS VALUES(0,'0, 1000','2022-04-20 12:14:03.715000',0,'',1)
COMMIT
DELETE FROM TASKS_AUX_SCHEDULER WHERE ID='scheduler' AND LAST_ACTIVITY_TS='2022-04-20 12:13:53.686' AND VERSION=4
INSERT INTO TASKS_AUX_SCHEDULER VALUES('scheduler','2022-04-20 12:14:03.715',4)
COMMIT
DELETE FROM TASKS_AUX_WORKERS WHERE ID=0 AND RANGES='0, 1000' AND HEALTH_CHECK='2022-04-20 12:14:03.715000' AND EXCLUSIVE_MODE=0 AND NODE_GROUPS='' AND IS_ACTIVE=1
INSERT INTO TASKS_AUX_WORKERS VALUES(0,'0, 1000','2022-04-20 12:14:03.715000',0,'',1)
COMMIT
/*C4*/DELETE FROM TASKS_AUX_WORKERS WHERE ID=0 AND RANGES='0, 1000' AND HEALTH_CHECK='2022-04-20 12:14:03.715000' AND EXCLUSIVE_MODE=0 AND NODE_GROUPS='' AND IS_ACTIVE=1
INSERT INTO TASKS_AUX_WORKERS VALUES(0,'0, 1000','2022-04-20 12:14:13.741000',0,'',1)
COMMIT
DELETE FROM TASKS_AUX_SCHEDULER WHERE ID='scheduler' AND LAST_ACTIVITY_TS='2022-04-20 12:14:03.715' AND VERSION=4
INSERT INTO TASKS_AUX_SCHEDULER VALUES('scheduler','2022-04-20 12:14:13.741',4)
COMMIT
DELETE FROM TASKS_AUX_WORKERS WHERE ID=0 AND RANGES='0, 1000' AND HEALTH_CHECK='2022-04-20 12:14:13.741000' AND EXCLUSIVE_MODE=0 AND NODE_GROUPS='' AND IS_ACTIVE=1
INSERT INTO TASKS_AUX_WORKERS VALUES(0,'0, 1000','2022-04-20 12:14:13.741000',0,'',1)
COMMIT
/*C26*/DELETE FROM TASKS_AUX_WORKERS WHERE ID=0 AND RANGES='0, 1000' AND HEALTH_CHECK='2022-04-20 12:14:13.741000' AND EXCLUSIVE_MODE=0 AND NODE_GROUPS='' AND IS_ACTIVE=1
INSERT INTO TASKS_AUX_WORKERS VALUES(0,'0, 1000','2022-04-20 12:14:23.759000',0,'',1)
COMMIT
DELETE FROM TASKS_AUX_SCHEDULER WHERE ID='scheduler' AND LAST_ACTIVITY_TS='2022-04-20 12:14:13.741' AND VERSION=4
INSERT INTO TASKS_AUX_SCHEDULER VALUES('scheduler','2022-04-20 12:14:23.759',4)
COMMIT
DELETE FROM TASKS_AUX_WORKERS WHERE ID=0 AND RANGES='0, 1000' AND HEALTH_CHECK='2022-04-20 12:14:23.759000' AND EXCLUSIVE_MODE=0 AND NODE_GROUPS='' AND IS_ACTIVE=1
INSERT INTO TASKS_AUX_WORKERS VALUES(0,'0, 1000','2022-04-20 12:14:23.759000',0,'',1)
COMMIT
/*C24*/DELETE FROM TASKS_AUX_WORKERS WHERE ID=0 AND RANGES='0, 1000' AND HEALTH_CHECK='2022-04-20 12:14:23.759000' AND EXCLUSIVE_MODE=0 AND NODE_GROUPS='' AND IS_ACTIVE=1
INSERT INTO TASKS_AUX_WORKERS VALUES(0,'0, 1000','2022-04-20 12:14:33.780000',0,'',1)
COMMIT
DELETE FROM TASKS_AUX_SCHEDULER WHERE ID='scheduler' AND LAST_ACTIVITY_TS='2022-04-20 12:14:23.759' AND VERSION=4
INSERT INTO TASKS_AUX_SCHEDULER VALUES('scheduler','2022-04-20 12:14:33.780',4)
COMMIT
DELETE FROM TASKS_AUX_WORKERS WHERE ID=0 AND RANGES='0, 1000' AND HEALTH_CHECK='2022-04-20 12:14:33.780000' AND EXCLUSIVE_MODE=0 AND NODE_GROUPS='' AND IS_ACTIVE=1
INSERT INTO TASKS_AUX_WORKERS VALUES(0,'0, 1000','2022-04-20 12:14:33.780000',0,'',1)
COMMIT
DELETE FROM TASKS_AUX_WORKERS WHERE ID=0 AND RANGES='0, 1000' AND HEALTH_CHECK='2022-04-20 12:14:33.780000' AND EXCLUSIVE_MODE=0 AND NODE_GROUPS='' AND IS_ACTIVE=1
INSERT INTO TASKS_AUX_WORKERS VALUES(0,'0, 1000','2022-04-20 12:14:43.796000',0,'',1)
COMMIT
DELETE FROM TASKS_AUX_SCHEDULER WHERE ID='scheduler' AND LAST_ACTIVITY_TS='2022-04-20 12:14:33.780' AND VERSION=4
INSERT INTO TASKS_AUX_SCHEDULER VALUES('scheduler','2022-04-20 12:14:43.796',4)
COMMIT
DELETE FROM TASKS_AUX_WORKERS WHERE ID=0 AND RANGES='0, 1000' AND HEALTH_CHECK='2022-04-20 12:14:43.796000' AND EXCLUSIVE_MODE=0 AND NODE_GROUPS='' AND IS_ACTIVE=1
INSERT INTO TASKS_AUX_WORKERS VALUES(0,'0, 1000','2022-04-20 12:14:43.796000',0,'',1)
COMMIT
/*C26*/DELETE FROM TASKS_AUX_WORKERS WHERE ID=0 AND RANGES='0, 1000' AND HEALTH_CHECK='2022-04-20 12:14:43.796000' AND EXCLUSIVE_MODE=0 AND NODE_GROUPS='' AND IS_ACTIVE=1
INSERT INTO TASKS_AUX_WORKERS VALUES(0,'0, 1000','2022-04-20 12:14:53.828000',0,'',1)
COMMIT
DELETE FROM TASKS_AUX_SCHEDULER WHERE ID='scheduler' AND LAST_ACTIVITY_TS='2022-04-20 12:14:43.796' AND VERSION=4
INSERT INTO TASKS_AUX_SCHEDULER VALUES('scheduler','2022-04-20 12:14:53.828',4)
COMMIT
DELETE FROM TASKS_AUX_WORKERS WHERE ID=0 AND RANGES='0, 1000' AND HEALTH_CHECK='2022-04-20 12:14:53.828000' AND EXCLUSIVE_MODE=0 AND NODE_GROUPS='' AND IS_ACTIVE=1
INSERT INTO TASKS_AUX_WORKERS VALUES(0,'0, 1000','2022-04-20 12:14:53.828000',0,'',1)
COMMIT
/*C3*/SET SCHEMA PUBLIC
DELETE FROM TASKS_AUX_WORKERS WHERE ID=0 AND RANGES='0, 1000' AND HEALTH_CHECK='2022-04-20 12:14:53.828000' AND EXCLUSIVE_MODE=0 AND NODE_GROUPS='' AND IS_ACTIVE=1
INSERT INTO TASKS_AUX_WORKERS VALUES(0,'0, 1000','2022-04-20 12:15:03.848000',0,'',1)
COMMIT
DELETE FROM TASKS_AUX_SCHEDULER WHERE ID='scheduler' AND LAST_ACTIVITY_TS='2022-04-20 12:14:53.828' AND VERSION=4
INSERT INTO TASKS_AUX_SCHEDULER VALUES('scheduler','2022-04-20 12:15:03.848',4)
COMMIT
DELETE FROM TASKS_AUX_WORKERS WHERE ID=0 AND RANGES='0, 1000' AND HEALTH_CHECK='2022-04-20 12:15:03.848000' AND EXCLUSIVE_MODE=0 AND NODE_GROUPS='' AND IS_ACTIVE=1
INSERT INTO TASKS_AUX_WORKERS VALUES(0,'0, 1000','2022-04-20 12:15:03.848000',0,'',1)
COMMIT
/*C26*/DELETE FROM TASKS_AUX_WORKERS WHERE ID=0 AND RANGES='0, 1000' AND HEALTH_CHECK='2022-04-20 12:15:03.848000' AND EXCLUSIVE_MODE=0 AND NODE_GROUPS='' AND IS_ACTIVE=1
INSERT INTO TASKS_AUX_WORKERS VALUES(0,'0, 1000','2022-04-20 12:15:13.866000',0,'',1)
COMMIT
DELETE FROM TASKS_AUX_SCHEDULER WHERE ID='scheduler' AND LAST_ACTIVITY_TS='2022-04-20 12:15:03.848' AND VERSION=4
INSERT INTO TASKS_AUX_SCHEDULER VALUES('scheduler','2022-04-20 12:15:13.866',4)
COMMIT
DELETE FROM TASKS_AUX_WORKERS WHERE ID=0 AND RANGES='0, 1000' AND HEALTH_CHECK='2022-04-20 12:15:13.866000' AND EXCLUSIVE_MODE=0 AND NODE_GROUPS='' AND IS_ACTIVE=1
INSERT INTO TASKS_AUX_WORKERS VALUES(0,'0, 1000','2022-04-20 12:15:13.866000',0,'',1)
COMMIT
/*C24*/DELETE FROM TASKS_AUX_WORKERS WHERE ID=0 AND RANGES='0, 1000' AND HEALTH_CHECK='2022-04-20 12:15:13.866000' AND EXCLUSIVE_MODE=0 AND NODE_GROUPS='' AND IS_ACTIVE=1
INSERT INTO TASKS_AUX_WORKERS VALUES(0,'0, 1000','2022-04-20 12:15:23.892000',0,'',1)
COMMIT
DELETE FROM TASKS_AUX_SCHEDULER WHERE ID='scheduler' AND LAST_ACTIVITY_TS='2022-04-20 12:15:13.866' AND VERSION=4
INSERT INTO TASKS_AUX_SCHEDULER VALUES('scheduler','2022-04-20 12:15:23.892',4)
COMMIT
DELETE FROM TASKS_AUX_WORKERS WHERE ID=0 AND RANGES='0, 1000' AND HEALTH_CHECK='2022-04-20 12:15:23.892000' AND EXCLUSIVE_MODE=0 AND NODE_GROUPS='' AND IS_ACTIVE=1
INSERT INTO TASKS_AUX_WORKERS VALUES(0,'0, 1000','2022-04-20 12:15:23.892000',0,'',1)
COMMIT
/*C25*/DELETE FROM TASKS_AUX_WORKERS WHERE ID=0 AND RANGES='0, 1000' AND HEALTH_CHECK='2022-04-20 12:15:23.892000' AND EXCLUSIVE_MODE=0 AND NODE_GROUPS='' AND IS_ACTIVE=1
INSERT INTO TASKS_AUX_WORKERS VALUES(0,'0, 1000','2022-04-20 12:15:33.911000',0,'',1)
COMMIT
DELETE FROM TASKS_AUX_SCHEDULER WHERE ID='scheduler' AND LAST_ACTIVITY_TS='2022-04-20 12:15:23.892' AND VERSION=4
INSERT INTO TASKS_AUX_SCHEDULER VALUES('scheduler','2022-04-20 12:15:33.911',4)
COMMIT
DELETE FROM TASKS_AUX_WORKERS WHERE ID=0 AND RANGES='0, 1000' AND HEALTH_CHECK='2022-04-20 12:15:33.911000' AND EXCLUSIVE_MODE=0 AND NODE_GROUPS='' AND IS_ACTIVE=1
INSERT INTO TASKS_AUX_WORKERS VALUES(0,'0, 1000','2022-04-20 12:15:33.911000',0,'',1)
COMMIT
/*C26*/DELETE FROM TASKS_AUX_WORKERS WHERE ID=0 AND RANGES='0, 1000' AND HEALTH_CHECK='2022-04-20 12:15:33.911000' AND EXCLUSIVE_MODE=0 AND NODE_GROUPS='' AND IS_ACTIVE=1
INSERT INTO TASKS_AUX_WORKERS VALUES(0,'0, 1000','2022-04-20 12:15:43.933000',0,'',1)
COMMIT
DELETE FROM TASKS_AUX_SCHEDULER WHERE ID='scheduler' AND LAST_ACTIVITY_TS='2022-04-20 12:15:33.911' AND VERSION=4
INSERT INTO TASKS_AUX_SCHEDULER VALUES('scheduler','2022-04-20 12:15:43.933',4)
COMMIT
DELETE FROM TASKS_AUX_WORKERS WHERE ID=0 AND RANGES='0, 1000' AND HEALTH_CHECK='2022-04-20 12:15:43.933000' AND EXCLUSIVE_MODE=0 AND NODE_GROUPS='' AND IS_ACTIVE=1
INSERT INTO TASKS_AUX_WORKERS VALUES(0,'0, 1000','2022-04-20 12:15:43.933000',0,'',1)
COMMIT
/*C25*/DELETE FROM TASKS_AUX_WORKERS WHERE ID=0 AND RANGES='0, 1000' AND HEALTH_CHECK='2022-04-20 12:15:43.933000' AND EXCLUSIVE_MODE=0 AND NODE_GROUPS='' AND IS_ACTIVE=1
INSERT INTO TASKS_AUX_WORKERS VALUES(0,'0, 1000','2022-04-20 12:15:53.948000',0,'',1)
COMMIT
DELETE FROM TASKS_AUX_SCHEDULER WHERE ID='scheduler' AND LAST_ACTIVITY_TS='2022-04-20 12:15:43.933' AND VERSION=4
INSERT INTO TASKS_AUX_SCHEDULER VALUES('scheduler','2022-04-20 12:15:53.948',4)
COMMIT
DELETE FROM TASKS_AUX_WORKERS WHERE ID=0 AND RANGES='0, 1000' AND HEALTH_CHECK='2022-04-20 12:15:53.948000' AND EXCLUSIVE_MODE=0 AND NODE_GROUPS='' AND IS_ACTIVE=1
INSERT INTO TASKS_AUX_WORKERS VALUES(0,'0, 1000','2022-04-20 12:15:53.948000',0,'',1)
COMMIT
/*C2*/DELETE FROM TASKS_AUX_WORKERS WHERE ID=0 AND RANGES='0, 1000' AND HEALTH_CHECK='2022-04-20 12:15:53.948000' AND EXCLUSIVE_MODE=0 AND NODE_GROUPS='' AND IS_ACTIVE=1
INSERT INTO TASKS_AUX_WORKERS VALUES(0,'0, 1000','2022-04-20 12:16:03.978000',0,'',1)
COMMIT
DELETE FROM TASKS_AUX_SCHEDULER WHERE ID='scheduler' AND LAST_ACTIVITY_TS='2022-04-20 12:15:53.948' AND VERSION=4
INSERT INTO TASKS_AUX_SCHEDULER VALUES('scheduler','2022-04-20 12:16:03.978',4)
COMMIT
DELETE FROM TASKS_AUX_WORKERS WHERE ID=0 AND RANGES='0, 1000' AND HEALTH_CHECK='2022-04-20 12:16:03.978000' AND EXCLUSIVE_MODE=0 AND NODE_GROUPS='' AND IS_ACTIVE=1
INSERT INTO TASKS_AUX_WORKERS VALUES(0,'0, 1000','2022-04-20 12:16:03.978000',0,'',1)
COMMIT
DELETE FROM TASKS_AUX_WORKERS WHERE ID=0 AND RANGES='0, 1000' AND HEALTH_CHECK='2022-04-20 12:16:03.978000' AND EXCLUSIVE_MODE=0 AND NODE_GROUPS='' AND IS_ACTIVE=1
INSERT INTO TASKS_AUX_WORKERS VALUES(0,'0, 1000','2022-04-20 12:16:13.992000',0,'',1)
COMMIT
DELETE FROM TASKS_AUX_SCHEDULER WHERE ID='scheduler' AND LAST_ACTIVITY_TS='2022-04-20 12:16:03.978' AND VERSION=4
INSERT INTO TASKS_AUX_SCHEDULER VALUES('scheduler','2022-04-20 12:16:13.992',4)
COMMIT
DELETE FROM TASKS_AUX_WORKERS WHERE ID=0 AND RANGES='0, 1000' AND HEALTH_CHECK='2022-04-20 12:16:13.992000' AND EXCLUSIVE_MODE=0 AND NODE_GROUPS='' AND IS_ACTIVE=1
INSERT INTO TASKS_AUX_WORKERS VALUES(0,'0, 1000','2022-04-20 12:16:13.992000',0,'',1)
COMMIT
DELETE FROM TASKS_AUX_WORKERS WHERE ID=0 AND RANGES='0, 1000' AND HEALTH_CHECK='2022-04-20 12:16:13.992000' AND EXCLUSIVE_MODE=0 AND NODE_GROUPS='' AND IS_ACTIVE=1
INSERT INTO TASKS_AUX_WORKERS VALUES(0,'0, 1000','2022-04-20 12:16:24.016000',0,'',1)
COMMIT
DELETE FROM TASKS_AUX_SCHEDULER WHERE ID='scheduler' AND LAST_ACTIVITY_TS='2022-04-20 12:16:13.992' AND VERSION=4
INSERT INTO TASKS_AUX_SCHEDULER VALUES('scheduler','2022-04-20 12:16:24.016',4)
COMMIT
DELETE FROM TASKS_AUX_WORKERS WHERE ID=0 AND RANGES='0, 1000' AND HEALTH_CHECK='2022-04-20 12:16:24.016000' AND EXCLUSIVE_MODE=0 AND NODE_GROUPS='' AND IS_ACTIVE=1
INSERT INTO TASKS_AUX_WORKERS VALUES(0,'0, 1000','2022-04-20 12:16:24.016000',0,'',1)
COMMIT
/*C26*/DELETE FROM TASKS_AUX_WORKERS WHERE ID=0 AND RANGES='0, 1000' AND HEALTH_CHECK='2022-04-20 12:16:24.016000' AND EXCLUSIVE_MODE=0 AND NODE_GROUPS='' AND IS_ACTIVE=1
INSERT INTO TASKS_AUX_WORKERS VALUES(0,'0, 1000','2022-04-20 12:16:34.037000',0,'',1)
COMMIT
DELETE FROM TASKS_AUX_SCHEDULER WHERE ID='scheduler' AND LAST_ACTIVITY_TS='2022-04-20 12:16:24.016' AND VERSION=4
INSERT INTO TASKS_AUX_SCHEDULER VALUES('scheduler','2022-04-20 12:16:34.037',4)
COMMIT
DELETE FROM TASKS_AUX_WORKERS WHERE ID=0 AND RANGES='0, 1000' AND HEALTH_CHECK='2022-04-20 12:16:34.037000' AND EXCLUSIVE_MODE=0 AND NODE_GROUPS='' AND IS_ACTIVE=1
INSERT INTO TASKS_AUX_WORKERS VALUES(0,'0, 1000','2022-04-20 12:16:34.037000',0,'',1)
COMMIT
/*C3*/DELETE FROM TASKS_AUX_WORKERS WHERE ID=0 AND RANGES='0, 1000' AND HEALTH_CHECK='2022-04-20 12:16:34.037000' AND EXCLUSIVE_MODE=0 AND NODE_GROUPS='' AND IS_ACTIVE=1
INSERT INTO TASKS_AUX_WORKERS VALUES(0,'0, 1000','2022-04-20 12:16:44.062000',0,'',1)
COMMIT
DELETE FROM TASKS_AUX_SCHEDULER WHERE ID='scheduler' AND LAST_ACTIVITY_TS='2022-04-20 12:16:34.037' AND VERSION=4
INSERT INTO TASKS_AUX_SCHEDULER VALUES('scheduler','2022-04-20 12:16:44.062',4)
COMMIT
DELETE FROM TASKS_AUX_WORKERS WHERE ID=0 AND RANGES='0, 1000' AND HEALTH_CHECK='2022-04-20 12:16:44.062000' AND EXCLUSIVE_MODE=0 AND NODE_GROUPS='' AND IS_ACTIVE=1
INSERT INTO TASKS_AUX_WORKERS VALUES(0,'0, 1000','2022-04-20 12:16:44.062000',0,'',1)
COMMIT
/*C2*/DELETE FROM TASKS_AUX_WORKERS WHERE ID=0 AND RANGES='0, 1000' AND HEALTH_CHECK='2022-04-20 12:16:44.062000' AND EXCLUSIVE_MODE=0 AND NODE_GROUPS='' AND IS_ACTIVE=1
INSERT INTO TASKS_AUX_WORKERS VALUES(0,'0, 1000','2022-04-20 12:16:54.086000',0,'',1)
COMMIT
DELETE FROM TASKS_AUX_SCHEDULER WHERE ID='scheduler' AND LAST_ACTIVITY_TS='2022-04-20 12:16:44.062' AND VERSION=4
INSERT INTO TASKS_AUX_SCHEDULER VALUES('scheduler','2022-04-20 12:16:54.086',4)
COMMIT
DELETE FROM TASKS_AUX_WORKERS WHERE ID=0 AND RANGES='0, 1000' AND HEALTH_CHECK='2022-04-20 12:16:54.086000' AND EXCLUSIVE_MODE=0 AND NODE_GROUPS='' AND IS_ACTIVE=1
INSERT INTO TASKS_AUX_WORKERS VALUES(0,'0, 1000','2022-04-20 12:16:54.086000',0,'',1)
COMMIT
DELETE FROM TASKS_AUX_WORKERS WHERE ID=0 AND RANGES='0, 1000' AND HEALTH_CHECK='2022-04-20 12:16:54.086000' AND EXCLUSIVE_MODE=0 AND NODE_GROUPS='' AND IS_ACTIVE=1
INSERT INTO TASKS_AUX_WORKERS VALUES(0,'0, 1000','2022-04-20 12:17:04.097000',0,'',1)
COMMIT
DELETE FROM TASKS_AUX_SCHEDULER WHERE ID='scheduler' AND LAST_ACTIVITY_TS='2022-04-20 12:16:54.086' AND VERSION=4
INSERT INTO TASKS_AUX_SCHEDULER VALUES('scheduler','2022-04-20 12:17:04.097',4)
COMMIT
DELETE FROM TASKS_AUX_WORKERS WHERE ID=0 AND RANGES='0, 1000' AND HEALTH_CHECK='2022-04-20 12:17:04.097000' AND EXCLUSIVE_MODE=0 AND NODE_GROUPS='' AND IS_ACTIVE=1
INSERT INTO TASKS_AUX_WORKERS VALUES(0,'0, 1000','2022-04-20 12:17:04.097000',0,'',1)
COMMIT
/*C6*/SET SCHEMA PUBLIC
DISCONNECT
/*C9*/SET SCHEMA PUBLIC
DISCONNECT
/*C8*/SET SCHEMA PUBLIC
DISCONNECT
/*C7*/SET SCHEMA PUBLIC
DISCONNECT
/*C10*/SET SCHEMA PUBLIC
DISCONNECT
/*C12*/SET SCHEMA PUBLIC
DISCONNECT
/*C11*/SET SCHEMA PUBLIC
DISCONNECT
/*C13*/SET SCHEMA PUBLIC
DISCONNECT
/*C3*/DELETE FROM TASKS_AUX_WORKERS WHERE ID=0 AND RANGES='0, 1000' AND HEALTH_CHECK='2022-04-20 12:17:04.097000' AND EXCLUSIVE_MODE=0 AND NODE_GROUPS='' AND IS_ACTIVE=1
INSERT INTO TASKS_AUX_WORKERS VALUES(0,'0, 1000','2022-04-20 12:17:14.114000',0,'',1)
COMMIT
DELETE FROM TASKS_AUX_SCHEDULER WHERE ID='scheduler' AND LAST_ACTIVITY_TS='2022-04-20 12:17:04.097' AND VERSION=4
INSERT INTO TASKS_AUX_SCHEDULER VALUES('scheduler','2022-04-20 12:17:14.114',4)
COMMIT
DELETE FROM TASKS_AUX_WORKERS WHERE ID=0 AND RANGES='0, 1000' AND HEALTH_CHECK='2022-04-20 12:17:14.114000' AND EXCLUSIVE_MODE=0 AND NODE_GROUPS='' AND IS_ACTIVE=1
INSERT INTO TASKS_AUX_WORKERS VALUES(0,'0, 1000','2022-04-20 12:17:14.114000',0,'',1)
COMMIT
/*C17*/SET SCHEMA PUBLIC
DISCONNECT
/*C5*/SET SCHEMA PUBLIC
DISCONNECT
/*C15*/SET SCHEMA PUBLIC
DISCONNECT
/*C16*/SET SCHEMA PUBLIC
DISCONNECT
/*C18*/SET SCHEMA PUBLIC
DISCONNECT
/*C19*/SET SCHEMA PUBLIC
DISCONNECT
/*C23*/SET SCHEMA PUBLIC
DISCONNECT
/*C22*/SET SCHEMA PUBLIC
DISCONNECT
/*C20*/SET SCHEMA PUBLIC
DISCONNECT
/*C21*/SET SCHEMA PUBLIC
DISCONNECT
/*C3*/DELETE FROM TASKS_AUX_WORKERS WHERE ID=0 AND RANGES='0, 1000' AND HEALTH_CHECK='2022-04-20 12:17:14.114000' AND EXCLUSIVE_MODE=0 AND NODE_GROUPS='' AND IS_ACTIVE=1
INSERT INTO TASKS_AUX_WORKERS VALUES(0,'0, 1000','2022-04-20 12:17:24.129000',0,'',1)
COMMIT
DELETE FROM TASKS_AUX_SCHEDULER WHERE ID='scheduler' AND LAST_ACTIVITY_TS='2022-04-20 12:17:14.114' AND VERSION=4
INSERT INTO TASKS_AUX_SCHEDULER VALUES('scheduler','2022-04-20 12:17:24.129',4)
COMMIT
DELETE FROM TASKS_AUX_WORKERS WHERE ID=0 AND RANGES='0, 1000' AND HEALTH_CHECK='2022-04-20 12:17:24.129000' AND EXCLUSIVE_MODE=0 AND NODE_GROUPS='' AND IS_ACTIVE=1
INSERT INTO TASKS_AUX_WORKERS VALUES(0,'0, 1000','2022-04-20 12:17:24.129000',0,'',1)
COMMIT
/*C2*/DELETE FROM TASKS_AUX_WORKERS WHERE ID=0 AND RANGES='0, 1000' AND HEALTH_CHECK='2022-04-20 12:17:24.129000' AND EXCLUSIVE_MODE=0 AND NODE_GROUPS='' AND IS_ACTIVE=1
INSERT INTO TASKS_AUX_WORKERS VALUES(0,'0, 1000','2022-04-20 12:17:34.152000',0,'',1)
COMMIT
DELETE FROM TASKS_AUX_SCHEDULER WHERE ID='scheduler' AND LAST_ACTIVITY_TS='2022-04-20 12:17:24.129' AND VERSION=4
INSERT INTO TASKS_AUX_SCHEDULER VALUES('scheduler','2022-04-20 12:17:34.152',4)
COMMIT
DELETE FROM TASKS_AUX_WORKERS WHERE ID=0 AND RANGES='0, 1000' AND HEALTH_CHECK='2022-04-20 12:17:34.152000' AND EXCLUSIVE_MODE=0 AND NODE_GROUPS='' AND IS_ACTIVE=1
INSERT INTO TASKS_AUX_WORKERS VALUES(0,'0, 1000','2022-04-20 12:17:34.152000',0,'',1)
COMMIT
DELETE FROM TASKS_AUX_WORKERS WHERE ID=0 AND RANGES='0, 1000' AND HEALTH_CHECK='2022-04-20 12:17:34.152000' AND EXCLUSIVE_MODE=0 AND NODE_GROUPS='' AND IS_ACTIVE=1
INSERT INTO TASKS_AUX_WORKERS VALUES(0,'0, 1000','2022-04-20 12:17:44.171000',0,'',1)
COMMIT
DELETE FROM TASKS_AUX_SCHEDULER WHERE ID='scheduler' AND LAST_ACTIVITY_TS='2022-04-20 12:17:34.152' AND VERSION=4
INSERT INTO TASKS_AUX_SCHEDULER VALUES('scheduler','2022-04-20 12:17:44.171',4)
COMMIT
DELETE FROM TASKS_AUX_WORKERS WHERE ID=0 AND RANGES='0, 1000' AND HEALTH_CHECK='2022-04-20 12:17:44.171000' AND EXCLUSIVE_MODE=0 AND NODE_GROUPS='' AND IS_ACTIVE=1
INSERT INTO TASKS_AUX_WORKERS VALUES(0,'0, 1000','2022-04-20 12:17:44.171000',0,'',1)
COMMIT
DELETE FROM TASKS_AUX_WORKERS WHERE ID=0 AND RANGES='0, 1000' AND HEALTH_CHECK='2022-04-20 12:17:44.171000' AND EXCLUSIVE_MODE=0 AND NODE_GROUPS='' AND IS_ACTIVE=1
INSERT INTO TASKS_AUX_WORKERS VALUES(0,'0, 1000','2022-04-20 12:17:54.195000',0,'',1)
COMMIT
DELETE FROM TASKS_AUX_SCHEDULER WHERE ID='scheduler' AND LAST_ACTIVITY_TS='2022-04-20 12:17:44.171' AND VERSION=4
INSERT INTO TASKS_AUX_SCHEDULER VALUES('scheduler','2022-04-20 12:17:54.197',4)
COMMIT
DELETE FROM TASKS_AUX_WORKERS WHERE ID=0 AND RANGES='0, 1000' AND HEALTH_CHECK='2022-04-20 12:17:54.195000' AND EXCLUSIVE_MODE=0 AND NODE_GROUPS='' AND IS_ACTIVE=1
INSERT INTO TASKS_AUX_WORKERS VALUES(0,'0, 1000','2022-04-20 12:17:54.195000',0,'',1)
COMMIT
DELETE FROM TASKS_AUX_WORKERS WHERE ID=0 AND RANGES='0, 1000' AND HEALTH_CHECK='2022-04-20 12:17:54.195000' AND EXCLUSIVE_MODE=0 AND NODE_GROUPS='' AND IS_ACTIVE=1
INSERT INTO TASKS_AUX_WORKERS VALUES(0,'0, 1000','2022-04-20 12:18:04.208000',0,'',1)
COMMIT
DELETE FROM TASKS_AUX_SCHEDULER WHERE ID='scheduler' AND LAST_ACTIVITY_TS='2022-04-20 12:17:54.197' AND VERSION=4
INSERT INTO TASKS_AUX_SCHEDULER VALUES('scheduler','2022-04-20 12:18:04.208',4)
COMMIT
DELETE FROM TASKS_AUX_WORKERS WHERE ID=0 AND RANGES='0, 1000' AND HEALTH_CHECK='2022-04-20 12:18:04.208000' AND EXCLUSIVE_MODE=0 AND NODE_GROUPS='' AND IS_ACTIVE=1
INSERT INTO TASKS_AUX_WORKERS VALUES(0,'0, 1000','2022-04-20 12:18:04.208000',0,'',1)
COMMIT
DELETE FROM TASKS_AUX_WORKERS WHERE ID=0 AND RANGES='0, 1000' AND HEALTH_CHECK='2022-04-20 12:18:04.208000' AND EXCLUSIVE_MODE=0 AND NODE_GROUPS='' AND IS_ACTIVE=1
INSERT INTO TASKS_AUX_WORKERS VALUES(0,'0, 1000','2022-04-20 12:18:14.225000',0,'',1)
COMMIT
DELETE FROM TASKS_AUX_SCHEDULER WHERE ID='scheduler' AND LAST_ACTIVITY_TS='2022-04-20 12:18:04.208' AND VERSION=4
INSERT INTO TASKS_AUX_SCHEDULER VALUES('scheduler','2022-04-20 12:18:14.225',4)
COMMIT
DELETE FROM TASKS_AUX_WORKERS WHERE ID=0 AND RANGES='0, 1000' AND HEALTH_CHECK='2022-04-20 12:18:14.225000' AND EXCLUSIVE_MODE=0 AND NODE_GROUPS='' AND IS_ACTIVE=1
INSERT INTO TASKS_AUX_WORKERS VALUES(0,'0, 1000','2022-04-20 12:18:14.225000',0,'',1)
COMMIT
DELETE FROM TASKS_AUX_WORKERS WHERE ID=0 AND RANGES='0, 1000' AND HEALTH_CHECK='2022-04-20 12:18:14.225000' AND EXCLUSIVE_MODE=0 AND NODE_GROUPS='' AND IS_ACTIVE=1
INSERT INTO TASKS_AUX_WORKERS VALUES(0,'0, 1000','2022-04-20 12:18:24.246000',0,'',1)
COMMIT
DELETE FROM TASKS_AUX_SCHEDULER WHERE ID='scheduler' AND LAST_ACTIVITY_TS='2022-04-20 12:18:14.225' AND VERSION=4
INSERT INTO TASKS_AUX_SCHEDULER VALUES('scheduler','2022-04-20 12:18:24.246',4)
COMMIT
DELETE FROM TASKS_AUX_WORKERS WHERE ID=0 AND RANGES='0, 1000' AND HEALTH_CHECK='2022-04-20 12:18:24.246000' AND EXCLUSIVE_MODE=0 AND NODE_GROUPS='' AND IS_ACTIVE=1
INSERT INTO TASKS_AUX_WORKERS VALUES(0,'0, 1000','2022-04-20 12:18:24.246000',0,'',1)
COMMIT
DELETE FROM TASKS_AUX_WORKERS WHERE ID=0 AND RANGES='0, 1000' AND HEALTH_CHECK='2022-04-20 12:18:24.246000' AND EXCLUSIVE_MODE=0 AND NODE_GROUPS='' AND IS_ACTIVE=1
INSERT INTO TASKS_AUX_WORKERS VALUES(0,'0, 1000','2022-04-20 12:18:34.258000',0,'',1)
COMMIT
DELETE FROM TASKS_AUX_SCHEDULER WHERE ID='scheduler' AND LAST_ACTIVITY_TS='2022-04-20 12:18:24.246' AND VERSION=4
INSERT INTO TASKS_AUX_SCHEDULER VALUES('scheduler','2022-04-20 12:18:34.258',4)
COMMIT
DELETE FROM TASKS_AUX_WORKERS WHERE ID=0 AND RANGES='0, 1000' AND HEALTH_CHECK='2022-04-20 12:18:34.258000' AND EXCLUSIVE_MODE=0 AND NODE_GROUPS='' AND IS_ACTIVE=1
INSERT INTO TASKS_AUX_WORKERS VALUES(0,'0, 1000','2022-04-20 12:18:34.258000',0,'',1)
COMMIT
DELETE FROM TASKS_AUX_WORKERS WHERE ID=0 AND RANGES='0, 1000' AND HEALTH_CHECK='2022-04-20 12:18:34.258000' AND EXCLUSIVE_MODE=0 AND NODE_GROUPS='' AND IS_ACTIVE=1
INSERT INTO TASKS_AUX_WORKERS VALUES(0,'0, 1000','2022-04-20 12:18:44.275000',0,'',1)
COMMIT
DELETE FROM TASKS_AUX_SCHEDULER WHERE ID='scheduler' AND LAST_ACTIVITY_TS='2022-04-20 12:18:34.258' AND VERSION=4
INSERT INTO TASKS_AUX_SCHEDULER VALUES('scheduler','2022-04-20 12:18:44.275',4)
COMMIT
DELETE FROM TASKS_AUX_WORKERS WHERE ID=0 AND RANGES='0, 1000' AND HEALTH_CHECK='2022-04-20 12:18:44.275000' AND EXCLUSIVE_MODE=0 AND NODE_GROUPS='' AND IS_ACTIVE=1
INSERT INTO TASKS_AUX_WORKERS VALUES(0,'0, 1000','2022-04-20 12:18:44.275000',0,'',1)
COMMIT
DELETE FROM TASKS_AUX_WORKERS WHERE ID=0 AND RANGES='0, 1000' AND HEALTH_CHECK='2022-04-20 12:18:44.275000' AND EXCLUSIVE_MODE=0 AND NODE_GROUPS='' AND IS_ACTIVE=1
INSERT INTO TASKS_AUX_WORKERS VALUES(0,'0, 1000','2022-04-20 12:18:54.320000',0,'',1)
COMMIT
DELETE FROM TASKS_AUX_SCHEDULER WHERE ID='scheduler' AND LAST_ACTIVITY_TS='2022-04-20 12:18:44.275' AND VERSION=4
INSERT INTO TASKS_AUX_SCHEDULER VALUES('scheduler','2022-04-20 12:18:54.320',4)
COMMIT
DELETE FROM TASKS_AUX_WORKERS WHERE ID=0 AND RANGES='0, 1000' AND HEALTH_CHECK='2022-04-20 12:18:54.320000' AND EXCLUSIVE_MODE=0 AND NODE_GROUPS='' AND IS_ACTIVE=1
INSERT INTO TASKS_AUX_WORKERS VALUES(0,'0, 1000','2022-04-20 12:18:54.320000',0,'',1)
COMMIT
DELETE FROM TASKS_AUX_WORKERS WHERE ID=0 AND RANGES='0, 1000' AND HEALTH_CHECK='2022-04-20 12:18:54.320000' AND EXCLUSIVE_MODE=0 AND NODE_GROUPS='' AND IS_ACTIVE=1
INSERT INTO TASKS_AUX_WORKERS VALUES(0,'0, 1000','2022-04-20 12:19:04.338000',0,'',1)
COMMIT
DELETE FROM TASKS_AUX_SCHEDULER WHERE ID='scheduler' AND LAST_ACTIVITY_TS='2022-04-20 12:18:54.320' AND VERSION=4
INSERT INTO TASKS_AUX_SCHEDULER VALUES('scheduler','2022-04-20 12:19:04.340',4)
COMMIT
DELETE FROM TASKS_AUX_WORKERS WHERE ID=0 AND RANGES='0, 1000' AND HEALTH_CHECK='2022-04-20 12:19:04.338000' AND EXCLUSIVE_MODE=0 AND NODE_GROUPS='' AND IS_ACTIVE=1
INSERT INTO TASKS_AUX_WORKERS VALUES(0,'0, 1000','2022-04-20 12:19:04.338000',0,'',1)
COMMIT
DELETE FROM TASKS_AUX_WORKERS WHERE ID=0 AND RANGES='0, 1000' AND HEALTH_CHECK='2022-04-20 12:19:04.338000' AND EXCLUSIVE_MODE=0 AND NODE_GROUPS='' AND IS_ACTIVE=1
INSERT INTO TASKS_AUX_WORKERS VALUES(0,'0, 1000','2022-04-20 12:19:14.351000',0,'',1)
COMMIT
DELETE FROM TASKS_AUX_SCHEDULER WHERE ID='scheduler' AND LAST_ACTIVITY_TS='2022-04-20 12:19:04.340' AND VERSION=4
INSERT INTO TASKS_AUX_SCHEDULER VALUES('scheduler','2022-04-20 12:19:14.351',4)
COMMIT
DELETE FROM TASKS_AUX_WORKERS WHERE ID=0 AND RANGES='0, 1000' AND HEALTH_CHECK='2022-04-20 12:19:14.351000' AND EXCLUSIVE_MODE=0 AND NODE_GROUPS='' AND IS_ACTIVE=1
INSERT INTO TASKS_AUX_WORKERS VALUES(0,'0, 1000','2022-04-20 12:19:14.351000',0,'',1)
COMMIT
DELETE FROM TASKS_AUX_WORKERS WHERE ID=0 AND RANGES='0, 1000' AND HEALTH_CHECK='2022-04-20 12:19:14.351000' AND EXCLUSIVE_MODE=0 AND NODE_GROUPS='' AND IS_ACTIVE=1
INSERT INTO TASKS_AUX_WORKERS VALUES(0,'0, 1000','2022-04-20 12:19:24.372000',0,'',1)
COMMIT
DELETE FROM TASKS_AUX_SCHEDULER WHERE ID='scheduler' AND LAST_ACTIVITY_TS='2022-04-20 12:19:14.351' AND VERSION=4
INSERT INTO TASKS_AUX_SCHEDULER VALUES('scheduler','2022-04-20 12:19:24.372',4)
COMMIT
DELETE FROM TASKS_AUX_WORKERS WHERE ID=0 AND RANGES='0, 1000' AND HEALTH_CHECK='2022-04-20 12:19:24.372000' AND EXCLUSIVE_MODE=0 AND NODE_GROUPS='' AND IS_ACTIVE=1
INSERT INTO TASKS_AUX_WORKERS VALUES(0,'0, 1000','2022-04-20 12:19:24.372000',0,'',1)
COMMIT
DELETE FROM TASKS_AUX_WORKERS WHERE ID=0 AND RANGES='0, 1000' AND HEALTH_CHECK='2022-04-20 12:19:24.372000' AND EXCLUSIVE_MODE=0 AND NODE_GROUPS='' AND IS_ACTIVE=1
INSERT INTO TASKS_AUX_WORKERS VALUES(0,'0, 1000','2022-04-20 12:19:34.388000',0,'',1)
COMMIT
DELETE FROM TASKS_AUX_SCHEDULER WHERE ID='scheduler' AND LAST_ACTIVITY_TS='2022-04-20 12:19:24.372' AND VERSION=4
INSERT INTO TASKS_AUX_SCHEDULER VALUES('scheduler','2022-04-20 12:19:34.388',4)
COMMIT
DELETE FROM TASKS_AUX_WORKERS WHERE ID=0 AND RANGES='0, 1000' AND HEALTH_CHECK='2022-04-20 12:19:34.388000' AND EXCLUSIVE_MODE=0 AND NODE_GROUPS='' AND IS_ACTIVE=1
INSERT INTO TASKS_AUX_WORKERS VALUES(0,'0, 1000','2022-04-20 12:19:34.388000',0,'',1)
COMMIT
/*C24*/DELETE FROM TASKS_AUX_WORKERS WHERE ID=0 AND RANGES='0, 1000' AND HEALTH_CHECK='2022-04-20 12:19:34.388000' AND EXCLUSIVE_MODE=0 AND NODE_GROUPS='' AND IS_ACTIVE=1
INSERT INTO TASKS_AUX_WORKERS VALUES(0,'0, 1000','2022-04-20 12:19:44.404000',0,'',1)
COMMIT
DELETE FROM TASKS_AUX_SCHEDULER WHERE ID='scheduler' AND LAST_ACTIVITY_TS='2022-04-20 12:19:34.388' AND VERSION=4
INSERT INTO TASKS_AUX_SCHEDULER VALUES('scheduler','2022-04-20 12:19:44.407',4)
COMMIT
DELETE FROM TASKS_AUX_WORKERS WHERE ID=0 AND RANGES='0, 1000' AND HEALTH_CHECK='2022-04-20 12:19:44.404000' AND EXCLUSIVE_MODE=0 AND NODE_GROUPS='' AND IS_ACTIVE=1
INSERT INTO TASKS_AUX_WORKERS VALUES(0,'0, 1000','2022-04-20 12:19:44.404000',0,'',1)
COMMIT
DELETE FROM TASKS_AUX_WORKERS WHERE ID=0 AND RANGES='0, 1000' AND HEALTH_CHECK='2022-04-20 12:19:44.404000' AND EXCLUSIVE_MODE=0 AND NODE_GROUPS='' AND IS_ACTIVE=1
INSERT INTO TASKS_AUX_WORKERS VALUES(0,'0, 1000','2022-04-20 12:19:54.423000',0,'',1)
COMMIT
DELETE FROM TASKS_AUX_SCHEDULER WHERE ID='scheduler' AND LAST_ACTIVITY_TS='2022-04-20 12:19:44.407' AND VERSION=4
INSERT INTO TASKS_AUX_SCHEDULER VALUES('scheduler','2022-04-20 12:19:54.423',4)
COMMIT
DELETE FROM TASKS_AUX_WORKERS WHERE ID=0 AND RANGES='0, 1000' AND HEALTH_CHECK='2022-04-20 12:19:54.423000' AND EXCLUSIVE_MODE=0 AND NODE_GROUPS='' AND IS_ACTIVE=1
INSERT INTO TASKS_AUX_WORKERS VALUES(0,'0, 1000','2022-04-20 12:19:54.423000',0,'',1)
COMMIT
DELETE FROM TASKS_AUX_WORKERS WHERE ID=0 AND RANGES='0, 1000' AND HEALTH_CHECK='2022-04-20 12:19:54.423000' AND EXCLUSIVE_MODE=0 AND NODE_GROUPS='' AND IS_ACTIVE=1
INSERT INTO TASKS_AUX_WORKERS VALUES(0,'0, 1000','2022-04-20 12:20:04.434000',0,'',1)
COMMIT
DELETE FROM TASKS_AUX_SCHEDULER WHERE ID='scheduler' AND LAST_ACTIVITY_TS='2022-04-20 12:19:54.423' AND VERSION=4
INSERT INTO TASKS_AUX_SCHEDULER VALUES('scheduler','2022-04-20 12:20:04.434',4)
COMMIT
DELETE FROM TASKS_AUX_WORKERS WHERE ID=0 AND RANGES='0, 1000' AND HEALTH_CHECK='2022-04-20 12:20:04.434000' AND EXCLUSIVE_MODE=0 AND NODE_GROUPS='' AND IS_ACTIVE=1
INSERT INTO TASKS_AUX_WORKERS VALUES(0,'0, 1000','2022-04-20 12:20:04.434000',0,'',1)
COMMIT
/*C4*/DISCONNECT
/*C24*/DELETE FROM TASKS_AUX_WORKERS WHERE ID=0 AND RANGES='0, 1000' AND HEALTH_CHECK='2022-04-20 12:20:04.434000' AND EXCLUSIVE_MODE=0 AND NODE_GROUPS='' AND IS_ACTIVE=1
INSERT INTO TASKS_AUX_WORKERS VALUES(0,'0, 1000','2022-04-20 12:20:14.448000',0,'',1)
COMMIT
DELETE FROM TASKS_AUX_SCHEDULER WHERE ID='scheduler' AND LAST_ACTIVITY_TS='2022-04-20 12:20:04.434' AND VERSION=4
INSERT INTO TASKS_AUX_SCHEDULER VALUES('scheduler','2022-04-20 12:20:14.450',4)
COMMIT
DELETE FROM TASKS_AUX_WORKERS WHERE ID=0 AND RANGES='0, 1000' AND HEALTH_CHECK='2022-04-20 12:20:14.448000' AND EXCLUSIVE_MODE=0 AND NODE_GROUPS='' AND IS_ACTIVE=1
INSERT INTO TASKS_AUX_WORKERS VALUES(0,'0, 1000','2022-04-20 12:20:14.448000',0,'',1)
COMMIT
